Determining if the pthread_create exist failed with the following output:
Change Dir: /home/kate/Documents/computer-graphics-master/PA1/build/CMakeFiles/CMakeTmp

Run Build Command:"/usr/bin/make" "cmTC_cfe16/fast"
/usr/bin/make -f CMakeFiles/cmTC_cfe16.dir/build.make CMakeFiles/cmTC_cfe16.dir/build
make[1]: Entering directory '/home/kate/Documents/computer-graphics-master/PA1/build/CMakeFiles/CMakeTmp'
Building C object CMakeFiles/cmTC_cfe16.dir/CheckSymbolExists.c.o
/usr/bin/cc     -o CMakeFiles/cmTC_cfe16.dir/CheckSymbolExists.c.o   -c /home/kate/Documents/computer-graphics-master/PA1/build/CMakeFiles/CMakeTmp/CheckSymbolExists.c
Linking C executable cmTC_cfe16
/usr/bin/cmake -E cmake_link_script CMakeFiles/cmTC_cfe16.dir/link.txt --verbose=1
/usr/bin/cc       CMakeFiles/cmTC_cfe16.dir/CheckSymbolExists.c.o  -o cmTC_cfe16 -rdynamic 
CMakeFiles/cmTC_cfe16.dir/CheckSymbolExists.c.o: In function `main':
CheckSymbolExists.c:(.text+0x16): undefined reference to `pthread_create'
collect2: error: ld returned 1 exit status
CMakeFiles/cmTC_cfe16.dir/build.make:97: recipe for target 'cmTC_cfe16' failed
make[1]: *** [cmTC_cfe16] Error 1
make[1]: Leaving directory '/home/kate/Documents/computer-graphics-master/PA1/build/CMakeFiles/CMakeTmp'
Makefile:126: recipe for target 'cmTC_cfe16/fast' failed
make: *** [cmTC_cfe16/fast] Error 2

File /home/kate/Documents/computer-graphics-master/PA1/build/CMakeFiles/CMakeTmp/CheckSymbolExists.c:
/* */
#include <pthread.h>

int main(int argc, char** argv)
{
  (void)argv;
#ifndef pthread_create
  return ((int*)(&pthread_create))[argc];
#else
  (void)argc;
  return 0;
#endif
}

Determining if the function pthread_create exists in the pthreads failed with the following output:
Change Dir: /home/kate/Documents/computer-graphics-master/PA1/build/CMakeFiles/CMakeTmp

Run Build Command:"/usr/bin/make" "cmTC_b2e3b/fast"
/usr/bin/make -f CMakeFiles/cmTC_b2e3b.dir/build.make CMakeFiles/cmTC_b2e3b.dir/build
make[1]: Entering directory '/home/kate/Documents/computer-graphics-master/PA1/build/CMakeFiles/CMakeTmp'
Building C object CMakeFiles/cmTC_b2e3b.dir/CheckFunctionExists.c.o
/usr/bin/cc    -DCHECK_FUNCTION_EXISTS=pthread_create   -o CMakeFiles/cmTC_b2e3b.dir/CheckFunctionExists.c.o   -c /usr/share/cmake-3.5/Modules/CheckFunctionExists.c
Linking C executable cmTC_b2e3b
/usr/bin/cmake -E cmake_link_script CMakeFiles/cmTC_b2e3b.dir/link.txt --verbose=1
/usr/bin/cc   -DCHECK_FUNCTION_EXISTS=pthread_create    CMakeFiles/cmTC_b2e3b.dir/CheckFunctionExists.c.o  -o cmTC_b2e3b -rdynamic -lpthreads 
/usr/bin/ld: cannot find -lpthreads
collect2: error: ld returned 1 exit status
CMakeFiles/cmTC_b2e3b.dir/build.make:97: recipe for target 'cmTC_b2e3b' failed
make[1]: *** [cmTC_b2e3b] Error 1
make[1]: Leaving directory '/home/kate/Documents/computer-graphics-master/PA1/build/CMakeFiles/CMakeTmp'
Makefile:126: recipe for target 'cmTC_b2e3b/fast' failed
make: *** [cmTC_b2e3b/fast] Error 2


